[debug] [2021-01-19T18:49:56.528Z] ----------------------------------------------------------------------
[debug] [2021-01-19T18:49:56.530Z] Command:       C:\Program Files\nodejs\node.exe C:\Program Files\nodejs\node_modules\firebase-tools\lib\bin\firebase.js emulators:start --only functions,hosting --debug
[debug] [2021-01-19T18:49:56.531Z] CLI Version:   9.1.2
[debug] [2021-01-19T18:49:56.531Z] Platform:      win32
[debug] [2021-01-19T18:49:56.531Z] Node Version:  v12.18.2
[debug] [2021-01-19T18:49:56.532Z] Time:          Tue Jan 19 2021 18:49:56 GMT+0000 (Greenwich Mean Time)
[debug] [2021-01-19T18:49:56.532Z] ----------------------------------------------------------------------
[debug] [2021-01-19T18:49:56.532Z] 
[debug] [2021-01-19T18:49:56.539Z] > command requires scopes: ["email","openid","https://www.googleapis.com/auth/cloudplatformprojects.readonly","https://www.googleapis.com/auth/firebase","https://www.googleapis.com/auth/cloud-platform"]
[debug] [2021-01-19T18:49:56.541Z] > authorizing via signed-in user
[info] i  emulators: Starting emulators: functions, hosting {"metadata":{"emulator":{"name":"hub"},"message":"Starting emulators: functions, hosting"}}
[debug] [2021-01-19T18:49:58.582Z] [hub] writing locator at C:\Users\jasde\AppData\Local\Temp\hub-fir-nextjs-note-app.json
[warn] !  functions: The following emulators are not running, calls to these services from the Functions emulator will affect production: auth, firestore, database, pubsub {"metadata":{"emulator":{"name":"functions"},"message":"The following emulators are not running, calls to these services from the Functions emulator will affect production: \u001b[1mauth, firestore, database, pubsub\u001b[22m"}}
[info] +  functions: Using node@12 from host. {"metadata":{"emulator":{"name":"functions"},"message":"Using node@12 from host."}}
[debug] [2021-01-19T18:50:00.639Z] defaultcredentials: writing to file C:\Users\jasde\AppData\Roaming\firebase\jasdevsidhu12_gmail_com_application_default_credentials.json
[debug] [2021-01-19T18:50:00.649Z] Setting GAC to C:\Users\jasde\AppData\Roaming\firebase\jasdevsidhu12_gmail_com_application_default_credentials.json {"metadata":{"emulator":{"name":"functions"},"message":"Setting GAC to C:\\Users\\jasde\\AppData\\Roaming\\firebase\\jasdevsidhu12_gmail_com_application_default_credentials.json"}}
[debug] [2021-01-19T18:50:00.658Z] > refreshing access token with scopes: []
[debug] [2021-01-19T18:50:00.661Z] >>> HTTP REQUEST POST https://www.googleapis.com/oauth2/v3/token  
 <request body omitted>
[debug] [2021-01-19T18:50:00.767Z] <<< HTTP RESPONSE 200 {"cache-control":"no-cache, no-store, max-age=0, must-revalidate","pragma":"no-cache","expires":"Mon, 01 Jan 1990 00:00:00 GMT","date":"Tue, 19 Jan 2021 18:50:00 GMT","content-type":"application/json; charset=utf-8","vary":"X-Origin, Referer, Origin,Accept-Encoding","server":"scaffolding on HTTPServer2","x-xss-protection":"0","x-frame-options":"SAMEORIGIN","x-content-type-options":"nosniff","alt-svc":"h3-29=\":443\"; ma=2592000,h3-T051=\":443\"; ma=2592000,h3-Q050=\":443\"; ma=2592000,h3-Q046=\":443\"; ma=2592000,h3-Q043=\":443\"; ma=2592000,quic=\":443\"; ma=2592000; v=\"46,43\"","accept-ranges":"none","transfer-encoding":"chunked"}
[debug] [2021-01-19T18:50:00.787Z] >>> [apiv2][query] GET https://firebase.googleapis.com/v1beta1/projects/fir-nextjs-note-app/adminSdkConfig [none]
[debug] [2021-01-19T18:50:01.127Z] <<< [apiv2][status] GET https://firebase.googleapis.com/v1beta1/projects/fir-nextjs-note-app/adminSdkConfig 200
[debug] [2021-01-19T18:50:01.129Z] <<< [apiv2][body] GET https://firebase.googleapis.com/v1beta1/projects/fir-nextjs-note-app/adminSdkConfig {"projectId":"fir-nextjs-note-app","storageBucket":"fir-nextjs-note-app.appspot.com"}
[debug] [2021-01-19T18:50:03.158Z] > refreshing access token with scopes: ["email","https://www.googleapis.com/auth/cloud-platform","https://www.googleapis.com/auth/cloudplatformprojects.readonly","https://www.googleapis.com/auth/firebase","openid"]
[debug] [2021-01-19T18:50:03.160Z] >>> HTTP REQUEST POST https://www.googleapis.com/oauth2/v3/token  
 <request body omitted>
[debug] [2021-01-19T18:50:03.242Z] <<< HTTP RESPONSE 200 {"date":"Tue, 19 Jan 2021 18:50:02 GMT","pragma":"no-cache","cache-control":"no-cache, no-store, max-age=0, must-revalidate","expires":"Mon, 01 Jan 1990 00:00:00 GMT","content-type":"application/json; charset=utf-8","vary":"X-Origin, Referer, Origin,Accept-Encoding","server":"scaffolding on HTTPServer2","x-xss-protection":"0","x-frame-options":"SAMEORIGIN","x-content-type-options":"nosniff","alt-svc":"h3-29=\":443\"; ma=2592000,h3-T051=\":443\"; ma=2592000,h3-Q050=\":443\"; ma=2592000,h3-Q046=\":443\"; ma=2592000,h3-Q043=\":443\"; ma=2592000,quic=\":443\"; ma=2592000; v=\"46,43\"","accept-ranges":"none","transfer-encoding":"chunked"}
[debug] [2021-01-19T18:50:03.275Z] >>> HTTP REQUEST GET https://firebase.googleapis.com/v1beta1/projects/fir-nextjs-note-app/webApps/-/config  
 
[debug] [2021-01-19T18:50:04.107Z] <<< HTTP RESPONSE 200 {"content-type":"application/json; charset=UTF-8","vary":"X-Origin, Referer, Origin,Accept-Encoding","date":"Tue, 19 Jan 2021 18:50:03 GMT","server":"ESF","cache-control":"private","x-xss-protection":"0","x-frame-options":"SAMEORIGIN","x-content-type-options":"nosniff","alt-svc":"h3-29=\":443\"; ma=2592000,h3-T051=\":443\"; ma=2592000,h3-Q050=\":443\"; ma=2592000,h3-Q046=\":443\"; ma=2592000,h3-Q043=\":443\"; ma=2592000,quic=\":443\"; ma=2592000; v=\"46,43\"","accept-ranges":"none","transfer-encoding":"chunked"}
[info] i  hosting: Serving hosting files from: server/dist {"metadata":{"emulator":{"name":"hosting"},"message":"Serving hosting files from: \u001b[1mserver/dist\u001b[22m"}}
[info] +  hosting: Local server: http://localhost:5000 {"metadata":{"emulator":{"name":"hosting"},"message":"Local server: \u001b[4m\u001b[1mhttp://localhost:5000\u001b[22m\u001b[24m"}}
[debug] [2021-01-19T18:50:08.197Z] Ignoring unsupported arg: auto_download {"metadata":{"emulator":{"name":"ui"},"message":"Ignoring unsupported arg: auto_download"}}
[debug] [2021-01-19T18:50:08.199Z] Ignoring unsupported arg: port {"metadata":{"emulator":{"name":"ui"},"message":"Ignoring unsupported arg: port"}}
[debug] [2021-01-19T18:50:08.200Z] Starting Emulator UI with command {"binary":"node","args":["C:\\Users\\jasde\\.cache\\firebase\\emulators\\ui-v1.4.1\\server.bundle.js"],"optionalArgs":[],"joinArgs":false} {"metadata":{"emulator":{"name":"ui"},"message":"Starting Emulator UI with command {\"binary\":\"node\",\"args\":[\"C:\\\\Users\\\\jasde\\\\.cache\\\\firebase\\\\emulators\\\\ui-v1.4.1\\\\server.bundle.js\"],\"optionalArgs\":[],\"joinArgs\":false}"}}
[info] i  ui: Emulator UI logging to ui-debug.log {"metadata":{"emulator":{"name":"ui"},"message":"Emulator UI logging to \u001b[1mui-debug.log\u001b[22m"}}
[debug] [2021-01-19T18:50:08.328Z] Web / API server started at http://localhost:4000
 {"metadata":{"emulator":{"name":"ui"},"message":"Web / API server started at http://localhost:4000\n"}}
[info] i  functions: Watching "C:\Users\jasde\workspace\next\test-next" for Cloud Functions... {"metadata":{"emulator":{"name":"functions"},"message":"Watching \"C:\\Users\\jasde\\workspace\\next\\test-next\" for Cloud Functions..."}}
[debug] [2021-01-19T18:50:08.784Z] [worker-pool] addWorker(~diagnostic~) {"metadata":{"emulator":{"name":"functions"},"message":"[worker-pool] addWorker(~diagnostic~)"}}
[debug] [2021-01-19T18:50:08.785Z] [worker-pool] Adding worker with key ~diagnostic~, total=1 {"metadata":{"emulator":{"name":"functions"},"message":"[worker-pool] Adding worker with key ~diagnostic~, total=1"}}
[debug] [2021-01-19T18:50:08.786Z] [worker-pool] submitWork(triggerId=) {"metadata":{"emulator":{"name":"functions"},"message":"[worker-pool] submitWork(triggerId=)"}}
[debug] [2021-01-19T18:50:08.787Z] [worker-~diagnostic~-5a9e60fe-05f6-4665-a59a-72e01d52d3a9]: Assigning socketPath: \\?\pipe\C:\Users\jasde\workspace\next\test-next\13768 {"metadata":{"emulator":{"name":"functions"},"message":"[worker-~diagnostic~-5a9e60fe-05f6-4665-a59a-72e01d52d3a9]: Assigning socketPath: \\\\?\\pipe\\C:\\Users\\jasde\\workspace\\next\\test-next\\13768"}}
[debug] [2021-01-19T18:50:08.788Z] [worker-~diagnostic~-5a9e60fe-05f6-4665-a59a-72e01d52d3a9]: BUSY {"metadata":{"emulator":{"name":"functions"},"message":"[worker-~diagnostic~-5a9e60fe-05f6-4665-a59a-72e01d52d3a9]: BUSY"}}
[debug] [2021-01-19T18:50:08.985Z] [runtime-status] [13768] Functions runtime initialized. {"cwd":"C:\\Users\\jasde\\workspace\\next\\test-next","node_version":"12.18.2"} {"metadata":{"emulator":{"name":"functions"},"message":"[runtime-status] [13768] Functions runtime initialized. {\"cwd\":\"C:\\\\Users\\\\jasde\\\\workspace\\\\next\\\\test-next\",\"node_version\":\"12.18.2\"}"}}
[debug] [2021-01-19T18:50:08.986Z] [runtime-status] [13768] Disabled runtime features: undefined {"metadata":{"emulator":{"name":"functions"},"message":"[runtime-status] [13768] Disabled runtime features: undefined"}}
[debug] [2021-01-19T18:50:08.990Z] [runtime-status] [13768] Resolved module firebase-admin {"declared":true,"installed":true,"version":"9.4.2","resolution":"C:\\Users\\jasde\\workspace\\next\\test-next\\node_modules\\firebase-admin\\lib\\index.js"} {"metadata":{"emulator":{"name":"functions"},"message":"[runtime-status] [13768] Resolved module firebase-admin {\"declared\":true,\"installed\":true,\"version\":\"9.4.2\",\"resolution\":\"C:\\\\Users\\\\jasde\\\\workspace\\\\next\\\\test-next\\\\node_modules\\\\firebase-admin\\\\lib\\\\index.js\"}"}}
[debug] [2021-01-19T18:50:08.991Z] [runtime-status] [13768] Resolved module firebase-functions {"declared":true,"installed":true,"version":"3.13.1","resolution":"C:\\Users\\jasde\\workspace\\next\\test-next\\node_modules\\firebase-functions\\lib\\index.js"} {"metadata":{"emulator":{"name":"functions"},"message":"[runtime-status] [13768] Resolved module firebase-functions {\"declared\":true,\"installed\":true,\"version\":\"3.13.1\",\"resolution\":\"C:\\\\Users\\\\jasde\\\\workspace\\\\next\\\\test-next\\\\node_modules\\\\firebase-functions\\\\lib\\\\index.js\"}"}}
[debug] [2021-01-19T18:50:08.992Z] [runtime-status] [13768] Resolved module firebase-functions {"declared":true,"installed":true,"version":"3.13.1","resolution":"C:\\Users\\jasde\\workspace\\next\\test-next\\node_modules\\firebase-functions\\lib\\index.js"} {"metadata":{"emulator":{"name":"functions"},"message":"[runtime-status] [13768] Resolved module firebase-functions {\"declared\":true,\"installed\":true,\"version\":\"3.13.1\",\"resolution\":\"C:\\\\Users\\\\jasde\\\\workspace\\\\next\\\\test-next\\\\node_modules\\\\firebase-functions\\\\lib\\\\index.js\"}"}}
[debug] [2021-01-19T18:50:08.997Z] [runtime-status] [13768] Outgoing network have been stubbed. [{"name":"http","status":"mocked"},{"name":"http","status":"mocked"},{"name":"https","status":"mocked"},{"name":"https","status":"mocked"},{"name":"net","status":"mocked"}] {"metadata":{"emulator":{"name":"functions"},"message":"[runtime-status] [13768] Outgoing network have been stubbed. [{\"name\":\"http\",\"status\":\"mocked\"},{\"name\":\"http\",\"status\":\"mocked\"},{\"name\":\"https\",\"status\":\"mocked\"},{\"name\":\"https\",\"status\":\"mocked\"},{\"name\":\"net\",\"status\":\"mocked\"}]"}}
[debug] [2021-01-19T18:50:08.997Z] [runtime-status] [13768] Resolved module firebase-functions {"declared":true,"installed":true,"version":"3.13.1","resolution":"C:\\Users\\jasde\\workspace\\next\\test-next\\node_modules\\firebase-functions\\lib\\index.js"} {"metadata":{"emulator":{"name":"functions"},"message":"[runtime-status] [13768] Resolved module firebase-functions {\"declared\":true,\"installed\":true,\"version\":\"3.13.1\",\"resolution\":\"C:\\\\Users\\\\jasde\\\\workspace\\\\next\\\\test-next\\\\node_modules\\\\firebase-functions\\\\lib\\\\index.js\"}"}}
[debug] [2021-01-19T18:50:09.131Z] [runtime-status] [13768] Checked functions.config() {"config":{}} {"metadata":{"emulator":{"name":"functions"},"message":"[runtime-status] [13768] Checked functions.config() {\"config\":{}}"}}
[debug] [2021-01-19T18:50:09.132Z] [runtime-status] [13768] firebase-functions has been stubbed. {"functionsResolution":{"declared":true,"installed":true,"version":"3.13.1","resolution":"C:\\Users\\jasde\\workspace\\next\\test-next\\node_modules\\firebase-functions\\lib\\index.js"}} {"metadata":{"emulator":{"name":"functions"},"message":"[runtime-status] [13768] firebase-functions has been stubbed. {\"functionsResolution\":{\"declared\":true,\"installed\":true,\"version\":\"3.13.1\",\"resolution\":\"C:\\\\Users\\\\jasde\\\\workspace\\\\next\\\\test-next\\\\node_modules\\\\firebase-functions\\\\lib\\\\index.js\"}}"}}
[debug] [2021-01-19T18:50:09.132Z] [runtime-status] [13768] Resolved module firebase-functions {"declared":true,"installed":true,"version":"3.13.1","resolution":"C:\\Users\\jasde\\workspace\\next\\test-next\\node_modules\\firebase-functions\\lib\\index.js"} {"metadata":{"emulator":{"name":"functions"},"message":"[runtime-status] [13768] Resolved module firebase-functions {\"declared\":true,\"installed\":true,\"version\":\"3.13.1\",\"resolution\":\"C:\\\\Users\\\\jasde\\\\workspace\\\\next\\\\test-next\\\\node_modules\\\\firebase-functions\\\\lib\\\\index.js\"}"}}
[debug] [2021-01-19T18:50:09.133Z] [runtime-status] [13768] Resolved module firebase-admin {"declared":true,"installed":true,"version":"9.4.2","resolution":"C:\\Users\\jasde\\workspace\\next\\test-next\\node_modules\\firebase-admin\\lib\\index.js"} {"metadata":{"emulator":{"name":"functions"},"message":"[runtime-status] [13768] Resolved module firebase-admin {\"declared\":true,\"installed\":true,\"version\":\"9.4.2\",\"resolution\":\"C:\\\\Users\\\\jasde\\\\workspace\\\\next\\\\test-next\\\\node_modules\\\\firebase-admin\\\\lib\\\\index.js\"}"}}
[debug] [2021-01-19T18:50:09.134Z] [runtime-status] [13768] Resolved module firebase-functions {"declared":true,"installed":true,"version":"3.13.1","resolution":"C:\\Users\\jasde\\workspace\\next\\test-next\\node_modules\\firebase-functions\\lib\\index.js"} {"metadata":{"emulator":{"name":"functions"},"message":"[runtime-status] [13768] Resolved module firebase-functions {\"declared\":true,\"installed\":true,\"version\":\"3.13.1\",\"resolution\":\"C:\\\\Users\\\\jasde\\\\workspace\\\\next\\\\test-next\\\\node_modules\\\\firebase-functions\\\\lib\\\\index.js\"}"}}
[debug] [2021-01-19T18:50:09.134Z] [runtime-status] [13768] firebase-admin has been stubbed. {"adminResolution":{"declared":true,"installed":true,"version":"9.4.2","resolution":"C:\\Users\\jasde\\workspace\\next\\test-next\\node_modules\\firebase-admin\\lib\\index.js"}} {"metadata":{"emulator":{"name":"functions"},"message":"[runtime-status] [13768] firebase-admin has been stubbed. {\"adminResolution\":{\"declared\":true,\"installed\":true,\"version\":\"9.4.2\",\"resolution\":\"C:\\\\Users\\\\jasde\\\\workspace\\\\next\\\\test-next\\\\node_modules\\\\firebase-admin\\\\lib\\\\index.js\"}}"}}
[info] +  functions[helloWorld]: http function initialized (http://localhost:5001/fir-nextjs-note-app/us-central1/helloWorld). {"metadata":{"emulator":{"name":"functions"},"message":"\u001b[1mhttp\u001b[22m function initialized (http://localhost:5001/fir-nextjs-note-app/us-central1/helloWorld)."}}
[info] 
┌─────────────────────────────────────────────────────────────┐
│ ✔  All emulators ready! It is now safe to connect your app. │
│ i  View Emulator UI at http://localhost:4000                │
└─────────────────────────────────────────────────────────────┘

┌───────────┬────────────────┬─────────────────────────────────┐
│ Emulator  │ Host:Port      │ View in Emulator UI             │
├───────────┼────────────────┼─────────────────────────────────┤
│ Functions │ localhost:5001 │ http://localhost:4000/functions │
├───────────┼────────────────┼─────────────────────────────────┤
│ Hosting   │ localhost:5000 │ n/a                             │
└───────────┴────────────────┴─────────────────────────────────┘
  Emulator Hub running at localhost:4400
  Other reserved ports: 4500

Issues? Report them at https://github.com/firebase/firebase-tools/issues and attach the *-debug.log files.
 
[debug] [2021-01-19T18:50:09.296Z] [worker-~diagnostic~-5a9e60fe-05f6-4665-a59a-72e01d52d3a9]: IDLE {"metadata":{"emulator":{"name":"functions"},"message":"[worker-~diagnostic~-5a9e60fe-05f6-4665-a59a-72e01d52d3a9]: IDLE"}}
[info] [hosting] Rewriting /test to http://localhost:5001/fir-nextjs-note-app/us-central1/helloWorld for local Function helloWorld
[debug] [2021-01-19T18:50:16.314Z] >>> [apiv2][query] GET http://localhost:5001/fir-nextjs-note-app/us-central1/helloWorld/test 
[debug] [2021-01-19T18:50:16.321Z] [work-queue] {"queueLength":1,"workRunningCount":0}
[debug] [2021-01-19T18:50:16.322Z] [work-queue] {"queueLength":0,"workRunningCount":1}
[debug] [2021-01-19T18:50:16.323Z] Accepted request GET /fir-nextjs-note-app/us-central1/helloWorld/test --> helloWorld
[debug] [2021-01-19T18:50:16.331Z] [worker-pool] addWorker(helloWorld) {"metadata":{"emulator":{"name":"functions"},"message":"[worker-pool] addWorker(helloWorld)"}}
[debug] [2021-01-19T18:50:16.332Z] [worker-pool] Adding worker with key helloWorld, total=1 {"metadata":{"emulator":{"name":"functions"},"message":"[worker-pool] Adding worker with key helloWorld, total=1"}}
[debug] [2021-01-19T18:50:16.332Z] [worker-pool] submitWork(triggerId=helloWorld) {"metadata":{"emulator":{"name":"functions"},"message":"[worker-pool] submitWork(triggerId=helloWorld)"}}
[debug] [2021-01-19T18:50:16.333Z] [worker-helloWorld-3a5bd97e-8858-4762-b172-908a5f965fa1]: Assigning socketPath: \\?\pipe\C:\Users\jasde\workspace\next\test-next\19228 {"metadata":{"emulator":{"name":"functions"},"message":"[worker-helloWorld-3a5bd97e-8858-4762-b172-908a5f965fa1]: Assigning socketPath: \\\\?\\pipe\\C:\\Users\\jasde\\workspace\\next\\test-next\\19228"}}
[debug] [2021-01-19T18:50:16.334Z] [worker-helloWorld-3a5bd97e-8858-4762-b172-908a5f965fa1]: BUSY {"metadata":{"emulator":{"name":"functions"},"message":"[worker-helloWorld-3a5bd97e-8858-4762-b172-908a5f965fa1]: BUSY"}}
[debug] [2021-01-19T18:50:16.504Z] [runtime-status] [19228] Functions runtime initialized. {"cwd":"C:\\Users\\jasde\\workspace\\next\\test-next","node_version":"12.18.2"} {"metadata":{"emulator":{"name":"functions"},"function":{"name":"helloWorld"},"message":"[runtime-status] [19228] Functions runtime initialized. {\"cwd\":\"C:\\\\Users\\\\jasde\\\\workspace\\\\next\\\\test-next\",\"node_version\":\"12.18.2\"}"}}
[debug] [2021-01-19T18:50:16.506Z] [runtime-status] [19228] Disabled runtime features: undefined {"metadata":{"emulator":{"name":"functions"},"function":{"name":"helloWorld"},"message":"[runtime-status] [19228] Disabled runtime features: undefined"}}
[debug] [2021-01-19T18:50:16.509Z] [runtime-status] [19228] Resolved module firebase-admin {"declared":true,"installed":true,"version":"9.4.2","resolution":"C:\\Users\\jasde\\workspace\\next\\test-next\\node_modules\\firebase-admin\\lib\\index.js"} {"metadata":{"emulator":{"name":"functions"},"function":{"name":"helloWorld"},"message":"[runtime-status] [19228] Resolved module firebase-admin {\"declared\":true,\"installed\":true,\"version\":\"9.4.2\",\"resolution\":\"C:\\\\Users\\\\jasde\\\\workspace\\\\next\\\\test-next\\\\node_modules\\\\firebase-admin\\\\lib\\\\index.js\"}"}}
[debug] [2021-01-19T18:50:16.510Z] [runtime-status] [19228] Resolved module firebase-functions {"declared":true,"installed":true,"version":"3.13.1","resolution":"C:\\Users\\jasde\\workspace\\next\\test-next\\node_modules\\firebase-functions\\lib\\index.js"} {"metadata":{"emulator":{"name":"functions"},"function":{"name":"helloWorld"},"message":"[runtime-status] [19228] Resolved module firebase-functions {\"declared\":true,\"installed\":true,\"version\":\"3.13.1\",\"resolution\":\"C:\\\\Users\\\\jasde\\\\workspace\\\\next\\\\test-next\\\\node_modules\\\\firebase-functions\\\\lib\\\\index.js\"}"}}
[debug] [2021-01-19T18:50:16.511Z] [runtime-status] [19228] Resolved module firebase-functions {"declared":true,"installed":true,"version":"3.13.1","resolution":"C:\\Users\\jasde\\workspace\\next\\test-next\\node_modules\\firebase-functions\\lib\\index.js"} {"metadata":{"emulator":{"name":"functions"},"function":{"name":"helloWorld"},"message":"[runtime-status] [19228] Resolved module firebase-functions {\"declared\":true,\"installed\":true,\"version\":\"3.13.1\",\"resolution\":\"C:\\\\Users\\\\jasde\\\\workspace\\\\next\\\\test-next\\\\node_modules\\\\firebase-functions\\\\lib\\\\index.js\"}"}}
[debug] [2021-01-19T18:50:16.512Z] [runtime-status] [19228] Outgoing network have been stubbed. [{"name":"http","status":"mocked"},{"name":"http","status":"mocked"},{"name":"https","status":"mocked"},{"name":"https","status":"mocked"},{"name":"net","status":"mocked"}] {"metadata":{"emulator":{"name":"functions"},"function":{"name":"helloWorld"},"message":"[runtime-status] [19228] Outgoing network have been stubbed. [{\"name\":\"http\",\"status\":\"mocked\"},{\"name\":\"http\",\"status\":\"mocked\"},{\"name\":\"https\",\"status\":\"mocked\"},{\"name\":\"https\",\"status\":\"mocked\"},{\"name\":\"net\",\"status\":\"mocked\"}]"}}
[debug] [2021-01-19T18:50:16.513Z] [runtime-status] [19228] Resolved module firebase-functions {"declared":true,"installed":true,"version":"3.13.1","resolution":"C:\\Users\\jasde\\workspace\\next\\test-next\\node_modules\\firebase-functions\\lib\\index.js"} {"metadata":{"emulator":{"name":"functions"},"function":{"name":"helloWorld"},"message":"[runtime-status] [19228] Resolved module firebase-functions {\"declared\":true,\"installed\":true,\"version\":\"3.13.1\",\"resolution\":\"C:\\\\Users\\\\jasde\\\\workspace\\\\next\\\\test-next\\\\node_modules\\\\firebase-functions\\\\lib\\\\index.js\"}"}}
[debug] [2021-01-19T18:50:16.552Z] [runtime-status] [19228] Checked functions.config() {"config":{}} {"metadata":{"emulator":{"name":"functions"},"function":{"name":"helloWorld"},"message":"[runtime-status] [19228] Checked functions.config() {\"config\":{}}"}}
[debug] [2021-01-19T18:50:16.553Z] [runtime-status] [19228] firebase-functions has been stubbed. {"functionsResolution":{"declared":true,"installed":true,"version":"3.13.1","resolution":"C:\\Users\\jasde\\workspace\\next\\test-next\\node_modules\\firebase-functions\\lib\\index.js"}} {"metadata":{"emulator":{"name":"functions"},"function":{"name":"helloWorld"},"message":"[runtime-status] [19228] firebase-functions has been stubbed. {\"functionsResolution\":{\"declared\":true,\"installed\":true,\"version\":\"3.13.1\",\"resolution\":\"C:\\\\Users\\\\jasde\\\\workspace\\\\next\\\\test-next\\\\node_modules\\\\firebase-functions\\\\lib\\\\index.js\"}}"}}
[debug] [2021-01-19T18:50:16.555Z] [runtime-status] [19228] Resolved module firebase-functions {"declared":true,"installed":true,"version":"3.13.1","resolution":"C:\\Users\\jasde\\workspace\\next\\test-next\\node_modules\\firebase-functions\\lib\\index.js"} {"metadata":{"emulator":{"name":"functions"},"function":{"name":"helloWorld"},"message":"[runtime-status] [19228] Resolved module firebase-functions {\"declared\":true,\"installed\":true,\"version\":\"3.13.1\",\"resolution\":\"C:\\\\Users\\\\jasde\\\\workspace\\\\next\\\\test-next\\\\node_modules\\\\firebase-functions\\\\lib\\\\index.js\"}"}}
[debug] [2021-01-19T18:50:16.556Z] [runtime-status] [19228] Resolved module firebase-admin {"declared":true,"installed":true,"version":"9.4.2","resolution":"C:\\Users\\jasde\\workspace\\next\\test-next\\node_modules\\firebase-admin\\lib\\index.js"} {"metadata":{"emulator":{"name":"functions"},"function":{"name":"helloWorld"},"message":"[runtime-status] [19228] Resolved module firebase-admin {\"declared\":true,\"installed\":true,\"version\":\"9.4.2\",\"resolution\":\"C:\\\\Users\\\\jasde\\\\workspace\\\\next\\\\test-next\\\\node_modules\\\\firebase-admin\\\\lib\\\\index.js\"}"}}
[debug] [2021-01-19T18:50:16.556Z] [runtime-status] [19228] Resolved module firebase-functions {"declared":true,"installed":true,"version":"3.13.1","resolution":"C:\\Users\\jasde\\workspace\\next\\test-next\\node_modules\\firebase-functions\\lib\\index.js"} {"metadata":{"emulator":{"name":"functions"},"function":{"name":"helloWorld"},"message":"[runtime-status] [19228] Resolved module firebase-functions {\"declared\":true,\"installed\":true,\"version\":\"3.13.1\",\"resolution\":\"C:\\\\Users\\\\jasde\\\\workspace\\\\next\\\\test-next\\\\node_modules\\\\firebase-functions\\\\lib\\\\index.js\"}"}}
[debug] [2021-01-19T18:50:16.557Z] [runtime-status] [19228] firebase-admin has been stubbed. {"adminResolution":{"declared":true,"installed":true,"version":"9.4.2","resolution":"C:\\Users\\jasde\\workspace\\next\\test-next\\node_modules\\firebase-admin\\lib\\index.js"}} {"metadata":{"emulator":{"name":"functions"},"function":{"name":"helloWorld"},"message":"[runtime-status] [19228] firebase-admin has been stubbed. {\"adminResolution\":{\"declared\":true,\"installed\":true,\"version\":\"9.4.2\",\"resolution\":\"C:\\\\Users\\\\jasde\\\\workspace\\\\next\\\\test-next\\\\node_modules\\\\firebase-admin\\\\lib\\\\index.js\"}}"}}
[debug] [2021-01-19T18:50:16.781Z] [runtime-status] [19228] Trigger "helloWorld" has been found, beginning invocation! {"metadata":{"emulator":{"name":"functions"},"function":{"name":"helloWorld"},"message":"[runtime-status] [19228] Trigger \"helloWorld\" has been found, beginning invocation!"}}
[info] i  functions: Beginning execution of "helloWorld" {"metadata":{"emulator":{"name":"functions"},"function":{"name":"helloWorld"},"message":"Beginning execution of \"helloWorld\""}}
[debug] [2021-01-19T18:50:16.785Z] [runtime-status] [19228] triggerDefinition {"httpsTrigger":{},"name":"helloWorld","entryPoint":"helloWorld"} {"metadata":{"emulator":{"name":"functions"},"function":{"name":"helloWorld"},"message":"[runtime-status] [19228] triggerDefinition {\"httpsTrigger\":{},\"name\":\"helloWorld\",\"entryPoint\":\"helloWorld\"}"}}
[debug] [2021-01-19T18:50:16.786Z] [runtime-status] [19228] Running helloWorld in mode HTTPS {"metadata":{"emulator":{"name":"functions"},"function":{"name":"helloWorld"},"message":"[runtime-status] [19228] Running helloWorld in mode HTTPS"}}
[debug] [2021-01-19T18:50:16.788Z] [runtime-status] [19228] Attempting to listen to socketPath: \\?\pipe\C:\Users\jasde\workspace\next\test-next\19228 {"metadata":{"emulator":{"name":"functions"},"function":{"name":"helloWorld"},"message":"[runtime-status] [19228] Attempting to listen to socketPath: \\\\?\\pipe\\C:\\Users\\jasde\\workspace\\next\\test-next\\19228"}}
[debug] [2021-01-19T18:50:16.790Z] [functions] Runtime ready! Sending request! {"metadata":{"emulator":{"name":"functions"},"message":"[functions] Runtime ready! Sending request!"}}
[debug] [2021-01-19T18:50:16.796Z] [runtime-status] [19228] Ephemeral server handling GET request {"metadata":{"emulator":{"name":"functions"},"function":{"name":"helloWorld"},"message":"[runtime-status] [19228] Ephemeral server handling GET request"}}
[debug] [2021-01-19T18:50:16.800Z] [runtime-status] [19228] Ephemeral server survived. {"metadata":{"emulator":{"name":"functions"},"function":{"name":"helloWorld"},"message":"[runtime-status] [19228] Ephemeral server survived."}}
[debug] [2021-01-19T18:50:16.836Z] <<< [apiv2][status] GET http://localhost:5001/fir-nextjs-note-app/us-central1/helloWorld/test 200
[debug] [2021-01-19T18:50:16.836Z] <<< [apiv2][body] GET http://localhost:5001/fir-nextjs-note-app/us-central1/helloWorld/test [stream]
[info] i  hosting: 127.0.0.1 - - [19/Jan/2021:18:50:16 +0000] "GET /test HTTP/1.1" 200 - "-" "Mozilla/5.0 (Windows NT 10.0; Win64; x64) AppleWebKit/537.36 (KHTML, like Gecko) Chrome/87.0.4280.141 Safari/537.36" {"metadata":{"emulator":{"name":"hosting"},"message":"127.0.0.1 - - [19/Jan/2021:18:50:16 +0000] \"GET /test HTTP/1.1\" 200 - \"-\" \"Mozilla/5.0 (Windows NT 10.0; Win64; x64) AppleWebKit/537.36 (KHTML, like Gecko) Chrome/87.0.4280.141 Safari/537.36\""}}
[info] i  functions: Finished "helloWorld" in ~1s {"metadata":{"emulator":{"name":"functions"},"function":{"name":"helloWorld"},"message":"Finished \"helloWorld\" in ~1s"}}
[debug] [2021-01-19T18:50:16.843Z] [worker-helloWorld-3a5bd97e-8858-4762-b172-908a5f965fa1]: IDLE {"metadata":{"emulator":{"name":"functions"},"message":"[worker-helloWorld-3a5bd97e-8858-4762-b172-908a5f965fa1]: IDLE"}}
[debug] [2021-01-19T18:50:16.844Z] [work-queue] {"queueLength":0,"workRunningCount":0}
[debug] [2021-01-19T18:50:44.221Z] Received signal SIGINT (Ctrl-C) 1
[info]  
[info] i  emulators: Received SIGINT (Ctrl-C) for the first time. Starting a clean shutdown. 
[info] i  emulators: Please wait for a clean shutdown or send the SIGINT (Ctrl-C) signal again to stop right now. 
[info] i  emulators: Shutting down emulators. {"metadata":{"emulator":{"name":"hub"},"message":"Shutting down emulators."}}
[info] i  ui: Stopping Emulator UI {"metadata":{"emulator":{"name":"ui"},"message":"Stopping Emulator UI"}}
[warn] !  Emulator UI has exited upon receiving signal: SIGINT 
[info] i  functions: Stopping Functions Emulator {"metadata":{"emulator":{"name":"functions"},"message":"Stopping Functions Emulator"}}
[info] i  hosting: Stopping Hosting Emulator {"metadata":{"emulator":{"name":"hosting"},"message":"Stopping Hosting Emulator"}}
[info] i  hub: Stopping emulator hub {"metadata":{"emulator":{"name":"hub"},"message":"Stopping emulator hub"}}
